<?xml version="1.0" encoding="UTF-8"?>
<!-- Generated by org.testng.reporters.JUnitXMLReporter -->
<testsuite ignored="0" hostname="Payal" failures="0" tests="6" name="Default test" time="22.213" errors="0" timestamp="2022-12-17T17:41:14 EST">
  <testcase classname="Test.Launch" name="f" time="0.002"/>
  <testcase classname="Test.Amazon_Test" name="VerifyUrl" time="0.006"/>
  <testcase classname="Test.Amazon_Test" name="verifyHamBurgermenuclick" time="0.303"/>
  <testcase classname="Test.Amazon_Test" name="verifykidle" time="3.263"/>
  <testcase classname="Test.Amazon_Test" name="verifykindleScribe" time="17.552"/>
  <testcase classname="Test.Amazon_Test" name="verifyBuynow" time="1.036"/>
</testsuite> <!-- Default test -->
