<?xml version="1.0" encoding="UTF-8"?>
<!-- Generated by org.testng.reporters.JUnitXMLReporter -->
<testsuite ignored="0" hostname="Payal" failures="0" tests="6" name="Amazon_Firefox" time="13.616" errors="0" timestamp="2022-12-18T21:55:41 EST">
  <testcase classname="Test.Amazon_Test" name="VerifyUrl" time="0.06"/>
  <testcase classname="Test.Amazon_Test" name="verifyHamBurgermenuclick" time="0.344"/>
  <testcase classname="Test.Amazon_Test" name="verifykidle" time="0.351"/>
  <testcase classname="Test.Amazon_Test" name="verifykindleScribe" time="2.715"/>
  <testcase classname="Test.Amazon_Test" name="verifyBuynow" time="1.362"/>
  <testcase classname="Test.Amazon_Test" name="verifysinginpage" time="0.084"/>
</testsuite> <!-- Amazon_Firefox -->
