<?xml version="1.0" encoding="UTF-8"?>
<!-- Generated by org.testng.reporters.JUnitXMLReporter -->
<testsuite ignored="0" hostname="Payal" failures="0" tests="6" name="Amazon1" time="0.079" errors="0" timestamp="2022-12-18T15:24:03 EST">
  <testcase classname="Test.Launch" name="f" time="0.0">
    <skipped/>
  </testcase> <!-- f -->
  <testcase classname="Test.Amazon_Test" name="VerifyUrl" time="0.0">
    <skipped/>
  </testcase> <!-- VerifyUrl -->
  <testcase classname="Test.Amazon_Test" name="verifyHamBurgermenuclick" time="0.0">
    <skipped/>
  </testcase> <!-- verifyHamBurgermenuclick -->
  <testcase classname="Test.Amazon_Test" name="verifykidle" time="0.0">
    <skipped/>
  </testcase> <!-- verifykidle -->
  <testcase classname="Test.Amazon_Test" name="verifykindleScribe" time="0.0">
    <skipped/>
  </testcase> <!-- verifykindleScribe -->
  <testcase classname="Test.Amazon_Test" name="verifyBuynow" time="0.0">
    <skipped/>
  </testcase> <!-- verifyBuynow -->
</testsuite> <!-- Amazon1 -->
