<?xml version="1.0" encoding="UTF-8"?>
<!-- Generated by org.testng.reporters.JUnitXMLReporter -->
<testsuite ignored="0" hostname="Payal" failures="0" tests="6" name="Amazon3_Edge" time="18.228" errors="0" timestamp="2022-12-18T21:56:13 EST">
  <testcase classname="Test.Amazon_Test" name="VerifyUrl" time="0.039"/>
  <testcase classname="Test.Amazon_Test" name="verifyHamBurgermenuclick" time="0.249"/>
  <testcase classname="Test.Amazon_Test" name="verifykidle" time="0.768"/>
  <testcase classname="Test.Amazon_Test" name="verifykindleScribe" time="8.821"/>
  <testcase classname="Test.Amazon_Test" name="verifyBuynow" time="1.303"/>
  <testcase classname="Test.Amazon_Test" name="verifysinginpage" time="0.041"/>
</testsuite> <!-- Amazon3_Edge -->
