<?xml version="1.0" encoding="UTF-8"?>
<!-- Generated by org.testng.reporters.JUnitXMLReporter -->
<testsuite ignored="0" hostname="Payal" failures="0" tests="6" name="Amazon_Chrome" time="13.734" errors="0" timestamp="2022-12-18T21:55:55 EST">
  <testcase classname="Test.Amazon_Test" name="VerifyUrl" time="0.011"/>
  <testcase classname="Test.Amazon_Test" name="verifyHamBurgermenuclick" time="0.191"/>
  <testcase classname="Test.Amazon_Test" name="verifykidle" time="0.718"/>
  <testcase classname="Test.Amazon_Test" name="verifykindleScribe" time="4.619"/>
  <testcase classname="Test.Amazon_Test" name="verifyBuynow" time="2.6"/>
  <testcase classname="Test.Amazon_Test" name="verifysinginpage" time="0.054"/>
</testsuite> <!-- Amazon_Chrome -->
