<?xml version="1.0" encoding="UTF-8"?>
<testsuite xmlns:xsi="http://www.w3.org/2001/XMLSchema-instance" xsi:noNamespaceSchemaLocation="https://maven.apache.org/surefire/maven-surefire-plugin/xsd/surefire-test-report-3.0.xsd" version="3.0" name="Test.Amazon_Test" time="0.699" tests="9" errors="0" skipped="8" failures="1">
  <properties>
[...]
</properties>
  <testcase name="beforesuit" classname="Test.Amazon_Test" time="0.501">
    <failure message="&#10;Parameter &apos;browser&apos; is required by BeforeSuite on method beforesuit but has not been marked @Optional or defined&#10;" type="org.testng.TestNGException"><![CDATA[org.testng.TestNGException: 

Parameter 'browser' is required by BeforeSuite on method beforesuit but has not been marked @Optional or defined

	at org.testng.internal.Parameters.createParams(Parameters.java:267)
	at org.testng.internal.Parameters.createParametersForMethod(Parameters.java:355)
	at org.testng.internal.Parameters.createParameters(Parameters.java:684)
	at org.testng.internal.Parameters.createConfigurationParameters(Parameters.java:166)
	at org.testng.internal.invokers.ConfigInvoker.invokeConfigurations(ConfigInvoker.java:277)
	at org.testng.SuiteRunner.privateRun(SuiteRunner.java:376)
	at org.testng.SuiteRunner.run(SuiteRunner.java:330)
	at org.testng.SuiteRunnerWorker.runSuite(SuiteRunnerWorker.java:52)
	at org.testng.SuiteRunnerWorker.run(SuiteRunnerWorker.java:95)
	at org.testng.TestNG.runSuitesSequentially(TestNG.java:1256)
	at org.testng.TestNG.runSuitesLocally(TestNG.java:1176)
	at org.testng.TestNG.runSuites(TestNG.java:1099)
	at org.testng.TestNG.run(TestNG.java:1067)
	at org.apache.maven.surefire.testng.TestNGExecutor.run(TestNGExecutor.java:151)
	at org.apache.maven.surefire.testng.TestNGDirectoryTestSuite.executeSingleClass(TestNGDirectoryTestSuite.java:111)
	at org.apache.maven.surefire.testng.TestNGDirectoryTestSuite.execute(TestNGDirectoryTestSuite.java:98)
	at org.apache.maven.surefire.testng.TestNGProvider.invoke(TestNGProvider.java:155)
	at org.apache.maven.surefire.booter.ForkedBooter.runSuitesInProcess(ForkedBooter.java:456)
	at org.apache.maven.surefire.booter.ForkedBooter.execute(ForkedBooter.java:169)
	at org.apache.maven.surefire.booter.ForkedBooter.run(ForkedBooter.java:595)
	at org.apache.maven.surefire.booter.ForkedBooter.main(ForkedBooter.java:581)
]]></failure>
    <system-err><![CDATA[SLF4J: Failed to load class "org.slf4j.impl.StaticLoggerBinder".
SLF4J: Defaulting to no-operation (NOP) logger implementation
SLF4J: See http://www.slf4j.org/codes.html#StaticLoggerBinder for further details.
]]></system-err>
  </testcase>
  <testcase name="f" classname="Test.Amazon_Test" time="0">
    <skipped message="&#10;Parameter &apos;browser&apos; is required by BeforeSuite on method beforesuit but has not been marked @Optional or defined&#10;"/>
  </testcase>
  <testcase name="VerifyUrl" classname="Test.Amazon_Test" time="0">
    <skipped message="&#10;Parameter &apos;browser&apos; is required by BeforeSuite on method beforesuit but has not been marked @Optional or defined&#10;"/>
  </testcase>
  <testcase name="verifyHamBurgermenuclick" classname="Test.Amazon_Test" time="0">
    <skipped message="&#10;Parameter &apos;browser&apos; is required by BeforeSuite on method beforesuit but has not been marked @Optional or defined&#10;"/>
  </testcase>
  <testcase name="verifykidle" classname="Test.Amazon_Test" time="0">
    <skipped message="&#10;Parameter &apos;browser&apos; is required by BeforeSuite on method beforesuit but has not been marked @Optional or defined&#10;"/>
  </testcase>
  <testcase name="verifykindleScribe" classname="Test.Amazon_Test" time="0">
    <skipped message="&#10;Parameter &apos;browser&apos; is required by BeforeSuite on method beforesuit but has not been marked @Optional or defined&#10;"/>
  </testcase>
  <testcase name="verifyBuynow" classname="Test.Amazon_Test" time="0">
    <skipped message="&#10;Parameter &apos;browser&apos; is required by BeforeSuite on method beforesuit but has not been marked @Optional or defined&#10;"/>
  </testcase>
  <testcase name="verifyEmailMobile" classname="Test.Amazon_Test" time="0">
    <skipped message="&#10;Parameter &apos;browser&apos; is required by BeforeSuite on method beforesuit but has not been marked @Optional or defined&#10;"/>
  </testcase>
  <testcase name="aftersuit" classname="Test.Amazon_Test" time="0">
    <skipped/>
  </testcase>
</testsuite>